[debug] [2025-04-27T01:53:54.645Z] ----------------------------------------------------------------------
[debug] [2025-04-27T01:53:54.647Z] Command:       C:\nvm4w\nodejs\node.exe C:\nvm4w\nodejs\node_modules\firebase-tools\lib\bin\firebase.js init
[debug] [2025-04-27T01:53:54.648Z] CLI Version:   13.35.1
[debug] [2025-04-27T01:53:54.648Z] Platform:      win32
[debug] [2025-04-27T01:53:54.648Z] Node Version:  v18.20.7
[debug] [2025-04-27T01:53:54.649Z] Time:          Sun Apr 27 2025 09:53:54 GMT+0800 (Philippine Standard Time)
[debug] [2025-04-27T01:53:54.649Z] ----------------------------------------------------------------------
[debug] 
[debug] [2025-04-27T01:53:54.657Z] > command requires scopes: ["email","openid","https://www.googleapis.com/auth/cloudplatformprojects.readonly","https://www.googleapis.com/auth/firebase","https://www.googleapis.com/auth/cloud-platform"]
[debug] [2025-04-27T01:53:54.657Z] > authorizing via signed-in user (jasper.v.borcena@gmail.com)
[info] 
     ######## #### ########  ######## ########     ###     ######  ########
     ##        ##  ##     ## ##       ##     ##  ##   ##  ##       ##
     ######    ##  ########  ######   ########  #########  ######  ######
     ##        ##  ##    ##  ##       ##     ## ##     ##       ## ##
     ##       #### ##     ## ######## ########  ##     ##  ######  ########

You're about to initialize a Firebase project in this directory:

  C:\gameoffortunes\gameoffortunes

Before we get started, keep in mind:

  * You are currently outside your home directory

